<?xml version="1.0" encoding="UTF-8"?>
<testsuite name="com.packtpub.testing.TempConverterTest" tests="2" skipped="0" failures="0" errors="0" timestamp="2021-02-12T09:55:36" hostname="evgeny" time="0.008">
  <properties/>
  <testcase name="testFahrenheitWhenHot()" classname="com.packtpub.testing.TempConverterTest" time="0.006"/>
  <testcase name="testFahrenheitWhenCold()" classname="com.packtpub.testing.TempConverterTest" time="0.001"/>
  <system-out><![CDATA[Before all tests
Before each test
After each test
Before each test
After each test
After all tests
]]></system-out>
  <system-err><![CDATA[]]></system-err>
</testsuite>
