<?xml version="1.0" encoding="UTF-8"?>
<testsuite name="com.packtpub.testing.CoordScheduleTest" tests="1" skipped="0" failures="0" errors="0" timestamp="2021-02-12T09:55:36" hostname="evgeny" time="0.021">
  <properties/>
  <testcase name="Frequency must be less than 1440" classname="com.packtpub.testing.CoordScheduleTest" time="0.021"/>
  <system-out><![CDATA[]]></system-out>
  <system-err><![CDATA[]]></system-err>
</testsuite>
