<?xml version="1.0" encoding="UTF-8"?>
<testsuite name="com.packtpub.workflow.WorkflowMonitorTest" tests="2" skipped="0" failures="0" errors="0" timestamp="2021-02-12T09:55:36" hostname="evgeny" time="0.022">
  <properties/>
  <testcase name="testFailure()" classname="com.packtpub.workflow.WorkflowMonitorTest" time="0.019"/>
  <testcase name="testSuccess()" classname="com.packtpub.workflow.WorkflowMonitorTest" time="0.003"/>
  <system-out><![CDATA[]]></system-out>
  <system-err><![CDATA[]]></system-err>
</testsuite>
